<?xml version="1.0" encoding="UTF-8"?>
<testng-results ignored="0" total="1" passed="1" failed="0" skipped="0">
  <reporter-output>
  </reporter-output>
  <suite started-at="2022-11-30T09:01:10 IST" name="Suite" finished-at="2022-11-30T09:01:10 IST" duration-ms="27">
    <groups>
    </groups>
    <test started-at="2022-11-30T09:01:10 IST" name="Test" finished-at="2022-11-30T09:01:10 IST" duration-ms="27">
      <class name="com.sapient.assessment.concatenation">
        <test-method signature="concatWords()[pri:0, instance:com.sapient.assessment.concatenation@793be5ca]" started-at="2022-11-30T09:01:10 IST" name="concatWords" finished-at="2022-11-30T09:01:10 IST" duration-ms="5" status="PASS">
          <reporter-output>
          </reporter-output>
        </test-method> <!-- concatWords -->
      </class> <!-- com.sapient.assessment.concatenation -->
    </test> <!-- Test -->
  </suite> <!-- Suite -->
</testng-results>
